<?xml version="1.0" encoding="UTF-8"?>
<!-- Generated by org.testng.reporters.JUnitReportReporter -->
<testsuite hostname="Girishs-MacBook-Air.local" name="com.test.framework.CreateSessionTest" tests="1" failures="0" timestamp="3 Aug 2017 14:29:05 GMT" time="4.844" errors="0">
  <testcase name="sessCreate" time="4.844" classname="com.test.framework.CreateSessionTest"/>
</testsuite> <!-- com.test.framework.CreateSessionTest -->
