<?xml version="1.0" encoding="UTF-8"?>
<!-- Generated by org.testng.reporters.JUnitReportReporter -->
<testsuite hostname="Girishs-MacBook-Air.local" name="com.test.framework.GetIssueTest" tests="2" failures="0" timestamp="1 Aug 2017 04:20:01 GMT" time="0.099" errors="0">
  <testcase name="verifyIssueId" time="0.086" classname="com.test.framework.GetIssueTest"/>
  <testcase name="verifyIssueTypeName" time="0.013" classname="com.test.framework.GetIssueTest"/>
</testsuite> <!-- com.test.framework.GetIssueTest -->
