<?xml version="1.0" encoding="UTF-8"?>
<!-- Generated by org.testng.reporters.JUnitReportReporter -->
<testsuite hostname="Girishs-MacBook-Air.local" name="com.test.framework.GetIssueTest" tests="2" failures="0" timestamp="3 Aug 2017 08:16:57 GMT" time="0.087" errors="0">
  <testcase name="verifyIssueTypeName" time="0.012" classname="com.test.framework.GetIssueTest"/>
  <testcase name="verifyIssueId" time="0.075" classname="com.test.framework.GetIssueTest"/>
</testsuite> <!-- com.test.framework.GetIssueTest -->
