<?xml version="1.0" encoding="UTF-8"?>
<!-- Generated by org.testng.reporters.JUnitReportReporter -->
<testsuite hostname="Girishs-MacBook-Air.local" name="com.test.framework.AppTest" tests="1" failures="0" timestamp="31 Jul 2017 12:47:25 GMT" time="0.010" errors="0">
  <testcase name="testApp" time="0.010" classname="com.test.framework.AppTest"/>
</testsuite> <!-- com.test.framework.AppTest -->
