<?xml version="1.0" encoding="UTF-8"?>
<!-- Generated by org.testng.reporters.JUnitReportReporter -->
<testsuite hostname="Girishs-MacBook-Air.local" name="com.test.framework.GetIssueHelper" tests="1" failures="0" timestamp="1 Aug 2017 03:08:03 GMT" time="3.964" errors="0">
  <testcase name="getSession" time="3.964" classname="com.test.framework.GetIssueHelper"/>
</testsuite> <!-- com.test.framework.GetIssueHelper -->
