<?xml version="1.0" encoding="UTF-8"?>
<!-- Generated by org.testng.reporters.JUnitReportReporter -->
<testsuite hostname="Girishs-MacBook-Air.local" name="com.test.framework.CreateSessionHelper" tests="1" failures="0" timestamp="31 Jul 2017 11:51:10 GMT" time="4.175" errors="0">
  <testcase name="getSession" time="4.175" classname="com.test.framework.CreateSessionHelper"/>
</testsuite> <!-- com.test.framework.CreateSessionHelper -->
