<?xml version="1.0" encoding="UTF-8"?>
<!-- Generated by org.testng.reporters.JUnitReportReporter -->
<testsuite hostname="Girishs-MacBook-Air.local" name="com.test.framework.SessionTest" tests="1" failures="0" timestamp="31 Jul 2017 14:43:43 GMT" time="4.220" errors="0">
  <testcase name="sessCreate" time="4.220" classname="com.test.framework.SessionTest"/>
</testsuite> <!-- com.test.framework.SessionTest -->
