<?xml version="1.0" encoding="UTF-8"?>
<!-- Generated by org.testng.reporters.JUnitReportReporter -->
<testsuite hostname="Girishs-MacBook-Air.local" name="com.test.framework.CreateSessionTest" tests="1" failures="0" timestamp="1 Aug 2017 02:35:23 GMT" time="4.682" errors="0">
  <testcase name="sessCreate" time="4.682" classname="com.test.framework.CreateSessionTest"/>
</testsuite> <!-- com.test.framework.CreateSessionTest -->
